<?xml version="1.0" encoding="UTF-8"?>
<testsuite xmlns:xsi="http://www.w3.org/2001/XMLSchema-instance" xsi:noNamespaceSchemaLocation="https://maven.apache.org/surefire/maven-surefire-plugin/xsd/surefire-test-report-3.0.xsd" version="3.0" name="com.ms.email.EmailApplicationTests" time="4.172" tests="1" errors="0" skipped="0" failures="0">
  <properties>
[...]
</properties>
  <testcase name="contextLoads" classname="com.ms.email.EmailApplicationTests" time="0.408">
    <system-out><![CDATA[18:21:21.316 [main] INFO org.springframework.test.context.support.AnnotationConfigContextLoaderUtils -- Could not detect default configuration classes for test class [com.ms.email.EmailApplicationTests]: EmailApplicationTests does not declare any static, non-private, non-final, nested classes annotated with @Configuration.
18:21:21.388 [main] INFO org.springframework.boot.test.context.SpringBootTestContextBootstrapper -- Found @SpringBootConfiguration com.ms.email.EmailApplication for test class com.ms.email.EmailApplicationTests

  .   ____          _            __ _ _
 /\\ / ___'_ __ _ _(_)_ __  __ _ \ \ \ \
( ( )\___ | '_ | '_| | '_ \/ _` | \ \ \ \
 \\/  ___)| |_)| | | | | || (_| |  ) ) ) )
  '  |____| .__|_| |_|_| |_\__, | / / / /
 =========|_|==============|___/=/_/_/_/
 :: Spring Boot ::                (v3.1.4)

2024-05-19T18:21:21.679-03:00  INFO 3704 --- [           main] com.ms.email.EmailApplicationTests       : Starting EmailApplicationTests using Java 21.0.1 with PID 3704 (started by olavo in C:\Users\olavo\Documents\projects\microservices-na-pratica\notification)
2024-05-19T18:21:21.680-03:00  INFO 3704 --- [           main] com.ms.email.EmailApplicationTests       : No active profile set, falling back to 1 default profile: "default"
2024-05-19T18:21:22.174-03:00  INFO 3704 --- [           main] .s.d.r.c.RepositoryConfigurationDelegate : Bootstrapping Spring Data JPA repositories in DEFAULT mode.
2024-05-19T18:21:22.217-03:00  INFO 3704 --- [           main] .s.d.r.c.RepositoryConfigurationDelegate : Finished Spring Data repository scanning in 36 ms. Found 1 JPA repository interfaces.
2024-05-19T18:21:22.629-03:00  INFO 3704 --- [           main] o.hibernate.jpa.internal.util.LogHelper  : HHH000204: Processing PersistenceUnitInfo [name: default]
2024-05-19T18:21:22.689-03:00  INFO 3704 --- [           main] org.hibernate.Version                    : HHH000412: Hibernate ORM core version 6.2.9.Final
2024-05-19T18:21:22.690-03:00  INFO 3704 --- [           main] org.hibernate.cfg.Environment            : HHH000406: Using bytecode reflection optimizer
2024-05-19T18:21:22.863-03:00  INFO 3704 --- [           main] o.h.b.i.BytecodeProviderInitiator        : HHH000021: Bytecode provider name : bytebuddy
2024-05-19T18:21:23.005-03:00  INFO 3704 --- [           main] o.s.o.j.p.SpringPersistenceUnitInfo      : No LoadTimeWeaver setup: ignoring JPA class transformer
2024-05-19T18:21:23.022-03:00  INFO 3704 --- [           main] com.zaxxer.hikari.HikariDataSource       : HikariPool-1 - Starting...
2024-05-19T18:21:23.108-03:00  INFO 3704 --- [           main] com.zaxxer.hikari.pool.HikariPool        : HikariPool-1 - Added connection org.postgresql.jdbc.PgConnection@38cfecf3
2024-05-19T18:21:23.109-03:00  INFO 3704 --- [           main] com.zaxxer.hikari.HikariDataSource       : HikariPool-1 - Start completed.
2024-05-19T18:21:23.308-03:00  INFO 3704 --- [           main] o.h.b.i.BytecodeProviderInitiator        : HHH000021: Bytecode provider name : bytebuddy
2024-05-19T18:21:23.777-03:00  INFO 3704 --- [           main] o.h.e.t.j.p.i.JtaPlatformInitiator       : HHH000490: Using JtaPlatform implementation: [org.hibernate.engine.transaction.jta.platform.internal.NoJtaPlatform]
2024-05-19T18:21:23.807-03:00  INFO 3704 --- [           main] j.LocalContainerEntityManagerFactoryBean : Initialized JPA EntityManagerFactory for persistence unit 'default'
2024-05-19T18:21:24.220-03:00  WARN 3704 --- [           main] JpaBaseConfiguration$JpaWebConfiguration : spring.jpa.open-in-view is enabled by default. Therefore, database queries may be performed during view rendering. Explicitly configure spring.jpa.open-in-view to disable this warning
2024-05-19T18:21:24.823-03:00  INFO 3704 --- [           main] o.s.a.r.c.CachingConnectionFactory       : Attempting to connect to: [localhost:5672]
2024-05-19T18:21:24.910-03:00  INFO 3704 --- [           main] o.s.a.r.c.CachingConnectionFactory       : Created new connection: rabbitConnectionFactory#42db3ff:0/SimpleConnection@35a2ea5a [delegate=amqp://guest@127.0.0.1:5672/, localPort=65403]
2024-05-19T18:21:24.946-03:00  INFO 3704 --- [           main] com.ms.email.EmailApplicationTests       : Started EmailApplicationTests in 3.451 seconds (process running for 4.163)
]]></system-out>
    <system-err><![CDATA[WARNING: A Java agent has been loaded dynamically (C:\Users\olavo\.m2\repository\net\bytebuddy\byte-buddy-agent\1.14.8\byte-buddy-agent-1.14.8.jar)
WARNING: If a serviceability tool is in use, please run with -XX:+EnableDynamicAgentLoading to hide this warning
WARNING: If a serviceability tool is not in use, please run with -Djdk.instrument.traceUsage for more information
WARNING: Dynamic loading of agents will be disallowed by default in a future release
]]></system-err>
  </testcase>
</testsuite>